timestamp: 2015-11-22T18:59:46.236306
CREATE TABLE auth_user(
    id INTEGER PRIMARY KEY AUTOINCREMENT,
    first_name CHAR(128),
    last_name CHAR(128),
    email CHAR(512),
    password CHAR(512),
    registration_key CHAR(512),
    reset_password_key CHAR(512),
    registration_id CHAR(512)
);
success!
timestamp: 2015-11-22T18:59:46.263320
CREATE TABLE auth_group(
    id INTEGER PRIMARY KEY AUTOINCREMENT,
    role CHAR(512),
    description TEXT
);
success!
timestamp: 2015-11-22T18:59:46.277449
CREATE TABLE auth_membership(
    id INTEGER PRIMARY KEY AUTOINCREMENT,
    user_id INTEGER REFERENCES auth_user (id) ON DELETE CASCADE  ,
    group_id INTEGER REFERENCES auth_group (id) ON DELETE CASCADE  
);
success!
timestamp: 2015-11-22T18:59:46.296476
CREATE TABLE auth_permission(
    id INTEGER PRIMARY KEY AUTOINCREMENT,
    group_id INTEGER REFERENCES auth_group (id) ON DELETE CASCADE  ,
    name CHAR(512),
    table_name CHAR(512),
    record_id INTEGER
);
success!
timestamp: 2015-11-22T18:59:46.328678
CREATE TABLE auth_event(
    id INTEGER PRIMARY KEY AUTOINCREMENT,
    time_stamp TIMESTAMP,
    client_ip CHAR(512),
    user_id INTEGER REFERENCES auth_user (id) ON DELETE CASCADE  ,
    origin CHAR(512),
    description TEXT
);
success!
timestamp: 2015-11-22T18:59:46.355013
CREATE TABLE auth_cas(
    id INTEGER PRIMARY KEY AUTOINCREMENT,
    user_id INTEGER REFERENCES auth_user (id) ON DELETE CASCADE  ,
    created_on TIMESTAMP,
    service CHAR(512),
    ticket CHAR(512),
    renew CHAR(1)
);
success!
timestamp: 2015-11-22T18:59:46.374768
CREATE TABLE listing(
    id INTEGER PRIMARY KEY AUTOINCREMENT,
    title CHAR(512),
    city CHAR(512),
    created_by INTEGER REFERENCES auth_user (id) ON DELETE CASCADE  ,
    date_created TIMESTAMP,
    body TEXT
);
success!
timestamp: 2015-11-22T18:59:46.394688
CREATE TABLE audition(
    id INTEGER PRIMARY KEY AUTOINCREMENT,
    parent_ndx INTEGER REFERENCES listing (id) ON DELETE CASCADE  ,
    created_by INTEGER REFERENCES auth_user (id) ON DELETE CASCADE  ,
    date_created TIMESTAMP,
    body TEXT
);
success!
timestamp: 2015-11-22T18:59:46.420653
CREATE TABLE audio(
    id INTEGER PRIMARY KEY AUTOINCREMENT,
    title CHAR(512),
    path_to CHAR(512)
);
success!
timestamp: 2015-11-22T18:59:46.439742
CREATE TABLE genre(
    id INTEGER PRIMARY KEY AUTOINCREMENT,
    genre_name CHAR(512)
);
success!
timestamp: 2015-11-22T18:59:46.459410
CREATE TABLE role(
    id INTEGER PRIMARY KEY AUTOINCREMENT,
    role_name CHAR(512)
);
success!
timestamp: 2015-11-22T18:59:46.491696
CREATE TABLE listing_role(
    id INTEGER PRIMARY KEY AUTOINCREMENT,
    listing_ndx INTEGER REFERENCES listing (id) ON DELETE CASCADE  ,
    role_ndx INTEGER REFERENCES role (id) ON DELETE CASCADE  
);
success!
timestamp: 2015-11-22T18:59:46.517030
CREATE TABLE listing_audio(
    id INTEGER PRIMARY KEY AUTOINCREMENT,
    listing_ndx INTEGER REFERENCES listing (id) ON DELETE CASCADE  ,
    audio_ndx INTEGER REFERENCES audio (id) ON DELETE CASCADE  
);
success!
timestamp: 2015-11-22T18:59:46.530796
CREATE TABLE listing_genre(
    id INTEGER PRIMARY KEY AUTOINCREMENT,
    listing_ndx INTEGER REFERENCES listing (id) ON DELETE CASCADE  ,
    genre_ndx INTEGER REFERENCES genre (id) ON DELETE CASCADE  
);
success!
timestamp: 2015-11-22T18:59:46.544667
CREATE TABLE user_genre(
    id INTEGER PRIMARY KEY AUTOINCREMENT,
    user_ndx INTEGER REFERENCES auth_user (id) ON DELETE CASCADE  ,
    genre_ndx INTEGER REFERENCES genre (id) ON DELETE CASCADE  
);
success!
timestamp: 2015-11-22T18:59:46.571016
CREATE TABLE user_audio(
    id INTEGER PRIMARY KEY AUTOINCREMENT,
    user_ndx INTEGER REFERENCES auth_user (id) ON DELETE CASCADE  ,
    audio_ndx INTEGER REFERENCES audio (id) ON DELETE CASCADE  
);
success!
timestamp: 2015-11-22T18:59:46.604664
CREATE TABLE audition_audio(
    id INTEGER PRIMARY KEY AUTOINCREMENT,
    audition_ndx INTEGER REFERENCES audition (id) ON DELETE CASCADE  ,
    audio_ndx INTEGER REFERENCES audio (id) ON DELETE CASCADE  
);
success!
timestamp: 2015-11-22T18:59:46.618815
CREATE TABLE audition_genre(
    id INTEGER PRIMARY KEY AUTOINCREMENT,
    audition_ndx INTEGER REFERENCES audition (id) ON DELETE CASCADE  ,
    genre_ndx INTEGER REFERENCES genre (id) ON DELETE CASCADE  
);
success!
timestamp: 2015-11-22T18:59:46.644224
CREATE TABLE city(
    id INTEGER PRIMARY KEY AUTOINCREMENT,
    city_name CHAR(512)
);
success!
timestamp: 2015-11-22T19:27:44.174951
CREATE TABLE audition_role(
    id INTEGER PRIMARY KEY AUTOINCREMENT,
    audition_ndx INTEGER REFERENCES audition (id) ON DELETE CASCADE  ,
    role_ndx INTEGER REFERENCES role (id) ON DELETE CASCADE  
);
success!
